<?xml version="1.0" encoding="UTF-8"?>
<TestRun id="c35e03ea-34d1-4e36-a55a-ccc7227e4f5c" name="camilo@CAMILO-PC 2010-10-18 20:48:11" runUser="camilo-PC\camilo" xmlns="http://microsoft.com/schemas/VisualStudio/TeamTest/2010">
  <TestSettings name="Local" id="2220222f-ce31-46fb-9cf6-4abc2961e326">
    <Description>These are default test settings for a local test run.</Description>
    <Deployment enabled="false" runDeploymentRoot="camilo_CAMILO-PC 2010-10-18 20_48_11">
      <DeploymentItem filename="C:\inetpub\wwwroot\Projetos\DevRS\Calculadora\Calculadora\bin\Debug\Calculadora.dll" />
    </Deployment>
    <Execution>
      <TestTypeSpecific />
      <AgentRule name="Execution Agents">
      </AgentRule>
    </Execution>
  </TestSettings>
  <Times creation="2010-10-18T20:48:11.3642578-02:00" queuing="2010-10-18T20:48:11.4423828-02:00" start="2010-10-18T20:48:11.6142578-02:00" finish="2010-10-18T20:48:12.3955078-02:00" />
  <ResultSummary outcome="Completed">
    <Counters total="1" executed="1" passed="1" error="0" failed="0" timeout="0" aborted="0" inconclusive="0" passedButRunAborted="0" notRunnable="0" notExecuted="0" disconnected="0" warning="0" completed="0" inProgress="0" pending="0" />
  </ResultSummary>
  <TestDefinitions>
    <UnitTest name="Subtrair2De49Test" storage="c:\inetpub\wwwroot\projetos\devrs\calculadora\calculadoratests\bin\debug\calculadoratests.dll" id="43d8a362-6325-ef7f-bac9-f789b7aa1a6e">
      <Execution id="525b46b5-a366-426f-b83b-97d3831e2103" />
      <TestMethod codeBase="C:/inetpub/wwwroot/Projetos/DevRS/Calculadora/CalculadoraTests/bin/Debug/CalculadoraTests.DLL" adapterTypeName="Microsoft.VisualStudio.TestTools.TestTypes.Unit.UnitTestAdapter, Microsoft.VisualStudio.QualityTools.Tips.UnitTest.Adapter, Version=10.0.0.0, Culture=neutral, PublicKeyToken=b03f5f7f11d50a3a" className="CalculadoraTests.OperacoesTest, CalculadoraTests, Version=1.0.0.0, Culture=neutral, PublicKeyToken=null" name="Subtrair2De49Test" />
    </UnitTest>
  </TestDefinitions>
  <TestLists>
    <TestList name="Results Not in a List" id="8c84fa94-04c1-424b-9868-57a2d4851a1d" />
    <TestList name="All Loaded Results" id="19431567-8539-422a-85d7-44ee4e166bda" />
  </TestLists>
  <TestEntries>
    <TestEntry testId="43d8a362-6325-ef7f-bac9-f789b7aa1a6e" executionId="525b46b5-a366-426f-b83b-97d3831e2103" testListId="8c84fa94-04c1-424b-9868-57a2d4851a1d" />
  </TestEntries>
  <Results>
    <UnitTestResult executionId="525b46b5-a366-426f-b83b-97d3831e2103" testId="43d8a362-6325-ef7f-bac9-f789b7aa1a6e" testName="Subtrair2De49Test" computerName="CAMILO-PC" duration="00:00:00.0234708" startTime="2010-10-18T20:48:11.8486328-02:00" endTime="2010-10-18T20:48:12.2705078-02:00" testType="13cdc9d9-ddb5-4fa4-a97d-d965ccfc6d4b" outcome="Passed" testListId="8c84fa94-04c1-424b-9868-57a2d4851a1d" relativeResultsDirectory="525b46b5-a366-426f-b83b-97d3831e2103">
    </UnitTestResult>
  </Results>
</TestRun>