<?xml version="1.0" encoding="UTF-8"?>
<TestRun id="3c22a41b-72e4-4975-8b62-fd9949f5c954" name="camilo@CAMILO-PC 2010-10-18 20:54:07" runUser="camilo-PC\camilo" xmlns="http://microsoft.com/schemas/VisualStudio/TeamTest/2010">
  <TestSettings name="Local" id="2220222f-ce31-46fb-9cf6-4abc2961e326">
    <Description>These are default test settings for a local test run.</Description>
    <Deployment enabled="false" runDeploymentRoot="camilo_CAMILO-PC 2010-10-18 20_54_07">
      <DeploymentItem filename="C:\inetpub\wwwroot\Projetos\DevRS\Calculadora\Calculadora\bin\Debug\Calculadora.dll" />
    </Deployment>
    <Execution>
      <TestTypeSpecific />
      <AgentRule name="Execution Agents">
      </AgentRule>
    </Execution>
  </TestSettings>
  <Times creation="2010-10-18T20:54:07.1347656-02:00" queuing="2010-10-18T20:54:07.1855468-02:00" start="2010-10-18T20:54:07.3935547-02:00" finish="2010-10-18T20:54:08.0185547-02:00" />
  <ResultSummary outcome="Failed">
    <Counters total="6" executed="6" passed="3" error="0" failed="1" timeout="0" aborted="0" inconclusive="2" passedButRunAborted="0" notRunnable="0" notExecuted="0" disconnected="0" warning="0" completed="0" inProgress="0" pending="0" />
  </ResultSummary>
  <TestDefinitions>
    <UnitTest name="MultiplicarTest" storage="c:\inetpub\wwwroot\projetos\devrs\calculadora\calculadoratests\bin\debug\calculadoratests.dll" id="94bc2f16-a8c0-7ab5-7d7e-9f276177e601">
      <Execution id="9ed7bbc5-a056-4f18-8e20-42d1a7d11d16" />
      <TestMethod codeBase="C:/inetpub/wwwroot/Projetos/DevRS/Calculadora/CalculadoraTests/bin/Debug/CalculadoraTests.DLL" adapterTypeName="Microsoft.VisualStudio.TestTools.TestTypes.Unit.UnitTestAdapter, Microsoft.VisualStudio.QualityTools.Tips.UnitTest.Adapter, Version=10.0.0.0, Culture=neutral, PublicKeyToken=b03f5f7f11d50a3a" className="CalculadoraTests.OperacoesTest, CalculadoraTests, Version=1.0.0.0, Culture=neutral, PublicKeyToken=null" name="MultiplicarTest" />
    </UnitTest>
    <UnitTest name="DividirTest" storage="c:\inetpub\wwwroot\projetos\devrs\calculadora\calculadoratests\bin\debug\calculadoratests.dll" id="5d8cbbb9-59f2-58b4-2c51-5bca2b01111a">
      <Execution id="003b23bb-93af-4491-ae5c-813623cc6e64" />
      <TestMethod codeBase="C:/inetpub/wwwroot/Projetos/DevRS/Calculadora/CalculadoraTests/bin/Debug/CalculadoraTests.DLL" adapterTypeName="Microsoft.VisualStudio.TestTools.TestTypes.Unit.UnitTestAdapter, Microsoft.VisualStudio.QualityTools.Tips.UnitTest.Adapter, Version=10.0.0.0, Culture=neutral, PublicKeyToken=b03f5f7f11d50a3a" className="CalculadoraTests.OperacoesTest, CalculadoraTests, Version=1.0.0.0, Culture=neutral, PublicKeyToken=null" name="DividirTest" />
    </UnitTest>
    <UnitTest name="Subtrair2De1Test" storage="c:\inetpub\wwwroot\projetos\devrs\calculadora\calculadoratests\bin\debug\calculadoratests.dll" id="592d732d-98bb-05aa-09da-6abafee5dc37">
      <Execution id="ebd0546d-f2ea-4ff9-8c91-63a545cd7e19" />
      <TestMethod codeBase="C:/inetpub/wwwroot/Projetos/DevRS/Calculadora/CalculadoraTests/bin/Debug/CalculadoraTests.DLL" adapterTypeName="Microsoft.VisualStudio.TestTools.TestTypes.Unit.UnitTestAdapter, Microsoft.VisualStudio.QualityTools.Tips.UnitTest.Adapter, Version=10.0.0.0, Culture=neutral, PublicKeyToken=b03f5f7f11d50a3a" className="CalculadoraTests.OperacoesTest, CalculadoraTests, Version=1.0.0.0, Culture=neutral, PublicKeyToken=null" name="Subtrair2De1Test" />
    </UnitTest>
    <UnitTest name="SomarTest" storage="c:\inetpub\wwwroot\projetos\devrs\calculadora\calculadoratests\bin\debug\calculadoratests.dll" id="b7f743ce-1d97-ba16-aab3-db1c1f34ce1f">
      <Execution id="6eda2fa5-44f7-4a8c-9b11-4c8818231993" />
      <TestMethod codeBase="C:/inetpub/wwwroot/Projetos/DevRS/Calculadora/CalculadoraTests/bin/Debug/CalculadoraTests.DLL" adapterTypeName="Microsoft.VisualStudio.TestTools.TestTypes.Unit.UnitTestAdapter, Microsoft.VisualStudio.QualityTools.Tips.UnitTest.Adapter, Version=10.0.0.0, Culture=neutral, PublicKeyToken=b03f5f7f11d50a3a" className="CalculadoraTests.OperacoesTest, CalculadoraTests, Version=1.0.0.0, Culture=neutral, PublicKeyToken=null" name="SomarTest" />
    </UnitTest>
    <UnitTest name="Subtrair2De49Test" storage="c:\inetpub\wwwroot\projetos\devrs\calculadora\calculadoratests\bin\debug\calculadoratests.dll" id="43d8a362-6325-ef7f-bac9-f789b7aa1a6e">
      <Execution id="e04c3932-350f-445a-a564-44836db7ebf7" />
      <TestMethod codeBase="C:/inetpub/wwwroot/Projetos/DevRS/Calculadora/CalculadoraTests/bin/Debug/CalculadoraTests.DLL" adapterTypeName="Microsoft.VisualStudio.TestTools.TestTypes.Unit.UnitTestAdapter, Microsoft.VisualStudio.QualityTools.Tips.UnitTest.Adapter, Version=10.0.0.0, Culture=neutral, PublicKeyToken=b03f5f7f11d50a3a" className="CalculadoraTests.OperacoesTest, CalculadoraTests, Version=1.0.0.0, Culture=neutral, PublicKeyToken=null" name="Subtrair2De49Test" />
    </UnitTest>
    <UnitTest name="SubtrairTest" storage="c:\inetpub\wwwroot\projetos\devrs\calculadora\calculadoratests\bin\debug\calculadoratests.dll" id="54f6e4dd-cfc3-a424-254d-26c35797b34c">
      <Execution id="6cbe1e12-bbb8-4805-a299-126870fa7889" />
      <TestMethod codeBase="C:/inetpub/wwwroot/Projetos/DevRS/Calculadora/CalculadoraTests/bin/Debug/CalculadoraTests.DLL" adapterTypeName="Microsoft.VisualStudio.TestTools.TestTypes.Unit.UnitTestAdapter, Microsoft.VisualStudio.QualityTools.Tips.UnitTest.Adapter, Version=10.0.0.0, Culture=neutral, PublicKeyToken=b03f5f7f11d50a3a" className="CalculadoraTests.OperacoesTest, CalculadoraTests, Version=1.0.0.0, Culture=neutral, PublicKeyToken=null" name="SubtrairTest" />
    </UnitTest>
  </TestDefinitions>
  <TestLists>
    <TestList name="Results Not in a List" id="8c84fa94-04c1-424b-9868-57a2d4851a1d" />
    <TestList name="All Loaded Results" id="19431567-8539-422a-85d7-44ee4e166bda" />
  </TestLists>
  <TestEntries>
    <TestEntry testId="43d8a362-6325-ef7f-bac9-f789b7aa1a6e" executionId="e04c3932-350f-445a-a564-44836db7ebf7" testListId="8c84fa94-04c1-424b-9868-57a2d4851a1d" />
    <TestEntry testId="54f6e4dd-cfc3-a424-254d-26c35797b34c" executionId="6cbe1e12-bbb8-4805-a299-126870fa7889" testListId="8c84fa94-04c1-424b-9868-57a2d4851a1d" />
    <TestEntry testId="592d732d-98bb-05aa-09da-6abafee5dc37" executionId="ebd0546d-f2ea-4ff9-8c91-63a545cd7e19" testListId="8c84fa94-04c1-424b-9868-57a2d4851a1d" />
    <TestEntry testId="5d8cbbb9-59f2-58b4-2c51-5bca2b01111a" executionId="003b23bb-93af-4491-ae5c-813623cc6e64" testListId="8c84fa94-04c1-424b-9868-57a2d4851a1d" />
    <TestEntry testId="94bc2f16-a8c0-7ab5-7d7e-9f276177e601" executionId="9ed7bbc5-a056-4f18-8e20-42d1a7d11d16" testListId="8c84fa94-04c1-424b-9868-57a2d4851a1d" />
    <TestEntry testId="b7f743ce-1d97-ba16-aab3-db1c1f34ce1f" executionId="6eda2fa5-44f7-4a8c-9b11-4c8818231993" testListId="8c84fa94-04c1-424b-9868-57a2d4851a1d" />
  </TestEntries>
  <Results>
    <UnitTestResult executionId="e04c3932-350f-445a-a564-44836db7ebf7" testId="43d8a362-6325-ef7f-bac9-f789b7aa1a6e" testName="Subtrair2De49Test" computerName="CAMILO-PC" duration="00:00:00.0207149" startTime="2010-10-18T20:54:07.4560547-02:00" endTime="2010-10-18T20:54:07.7998047-02:00" testType="13cdc9d9-ddb5-4fa4-a97d-d965ccfc6d4b" outcome="Passed" testListId="8c84fa94-04c1-424b-9868-57a2d4851a1d" relativeResultsDirectory="e04c3932-350f-445a-a564-44836db7ebf7">
    </UnitTestResult>
    <UnitTestResult executionId="6cbe1e12-bbb8-4805-a299-126870fa7889" testId="54f6e4dd-cfc3-a424-254d-26c35797b34c" testName="SubtrairTest" computerName="CAMILO-PC" duration="00:00:00.0023131" startTime="2010-10-18T20:54:07.8154297-02:00" endTime="2010-10-18T20:54:07.8154297-02:00" testType="13cdc9d9-ddb5-4fa4-a97d-d965ccfc6d4b" outcome="Passed" testListId="8c84fa94-04c1-424b-9868-57a2d4851a1d" relativeResultsDirectory="6cbe1e12-bbb8-4805-a299-126870fa7889">
    </UnitTestResult>
    <UnitTestResult executionId="ebd0546d-f2ea-4ff9-8c91-63a545cd7e19" testId="592d732d-98bb-05aa-09da-6abafee5dc37" testName="Subtrair2De1Test" computerName="CAMILO-PC" duration="00:00:00.0014029" startTime="2010-10-18T20:54:07.8310547-02:00" endTime="2010-10-18T20:54:07.8310547-02:00" testType="13cdc9d9-ddb5-4fa4-a97d-d965ccfc6d4b" outcome="Passed" testListId="8c84fa94-04c1-424b-9868-57a2d4851a1d" relativeResultsDirectory="ebd0546d-f2ea-4ff9-8c91-63a545cd7e19">
    </UnitTestResult>
    <UnitTestResult executionId="003b23bb-93af-4491-ae5c-813623cc6e64" testId="5d8cbbb9-59f2-58b4-2c51-5bca2b01111a" testName="DividirTest" computerName="CAMILO-PC" duration="00:00:00.0201570" startTime="2010-10-18T20:54:07.8310547-02:00" endTime="2010-10-18T20:54:07.8623047-02:00" testType="13cdc9d9-ddb5-4fa4-a97d-d965ccfc6d4b" outcome="Failed" testListId="8c84fa94-04c1-424b-9868-57a2d4851a1d" relativeResultsDirectory="003b23bb-93af-4491-ae5c-813623cc6e64">
      <Output>
        <ErrorInfo>
          <Message>Test method CalculadoraTests.OperacoesTest.DividirTest threw exception: 
System.DivideByZeroException: Attempted to divide by zero.</Message>
          <StackTrace>    at Calculadora.Operacoes.Dividir(Int64 dividendo, Int64 divisor) in C:\inetpub\wwwroot\Projetos\DevRS\Calculadora\Calculadora\Operacoes.cs:line 27
   at CalculadoraTests.OperacoesTest.DividirTest() in C:\inetpub\wwwroot\Projetos\DevRS\Calculadora\CalculadoraTests\OperacoesTest.cs:line 77
</StackTrace>
        </ErrorInfo>
      </Output>
    </UnitTestResult>
    <UnitTestResult executionId="9ed7bbc5-a056-4f18-8e20-42d1a7d11d16" testId="94bc2f16-a8c0-7ab5-7d7e-9f276177e601" testName="MultiplicarTest" computerName="CAMILO-PC" duration="00:00:00.0124638" startTime="2010-10-18T20:54:07.8779297-02:00" endTime="2010-10-18T20:54:07.8935547-02:00" testType="13cdc9d9-ddb5-4fa4-a97d-d965ccfc6d4b" outcome="Inconclusive" testListId="8c84fa94-04c1-424b-9868-57a2d4851a1d" relativeResultsDirectory="9ed7bbc5-a056-4f18-8e20-42d1a7d11d16">
      <Output>
        <ErrorInfo>
          <Message>Assert.Inconclusive failed. Verify the correctness of this test method.</Message>
          <StackTrace>   at CalculadoraTests.OperacoesTest.MultiplicarTest() in C:\inetpub\wwwroot\Projetos\DevRS\Calculadora\CalculadoraTests\OperacoesTest.cs:line 94
</StackTrace>
        </ErrorInfo>
      </Output>
    </UnitTestResult>
    <UnitTestResult executionId="6eda2fa5-44f7-4a8c-9b11-4c8818231993" testId="b7f743ce-1d97-ba16-aab3-db1c1f34ce1f" testName="SomarTest" computerName="CAMILO-PC" duration="00:00:00.0020309" startTime="2010-10-18T20:54:07.8935547-02:00" endTime="2010-10-18T20:54:07.9091797-02:00" testType="13cdc9d9-ddb5-4fa4-a97d-d965ccfc6d4b" outcome="Inconclusive" testListId="8c84fa94-04c1-424b-9868-57a2d4851a1d" relativeResultsDirectory="6eda2fa5-44f7-4a8c-9b11-4c8818231993">
      <Output>
        <ErrorInfo>
          <Message>Assert.Inconclusive failed. Verify the correctness of this test method.</Message>
          <StackTrace>   at CalculadoraTests.OperacoesTest.SomarTest() in C:\inetpub\wwwroot\Projetos\DevRS\Calculadora\CalculadoraTests\OperacoesTest.cs:line 109
</StackTrace>
        </ErrorInfo>
      </Output>
    </UnitTestResult>
  </Results>
</TestRun>