<?xml version="1.0" encoding="UTF-8"?>
<TestRun id="7d858bb2-f12c-4cc1-a77e-38f2063c32e0" name="camilo@CAMILO-PC 2010-10-18 20:46:18" runUser="camilo-PC\camilo" xmlns="http://microsoft.com/schemas/VisualStudio/TeamTest/2010">
  <TestSettings name="Local" id="2220222f-ce31-46fb-9cf6-4abc2961e326">
    <Description>These are default test settings for a local test run.</Description>
    <Deployment enabled="false" runDeploymentRoot="camilo_CAMILO-PC 2010-10-18 20_46_18">
      <DeploymentItem filename="C:\inetpub\wwwroot\Projetos\DevRS\Calculadora\Calculadora\bin\Debug\Calculadora.dll" />
    </Deployment>
    <Execution>
      <TestTypeSpecific />
      <AgentRule name="Execution Agents">
      </AgentRule>
    </Execution>
  </TestSettings>
  <Times creation="2010-10-18T20:46:18.0126953-02:00" queuing="2010-10-18T20:46:18.0595703-02:00" start="2010-10-18T20:46:18.3095703-02:00" finish="2010-10-18T20:46:18.8095703-02:00" />
  <ResultSummary outcome="Completed">
    <Counters total="1" executed="1" passed="1" error="0" failed="0" timeout="0" aborted="0" inconclusive="0" passedButRunAborted="0" notRunnable="0" notExecuted="0" disconnected="0" warning="0" completed="0" inProgress="0" pending="0" />
  </ResultSummary>
  <TestDefinitions>
    <UnitTest name="SubtrairTest" storage="c:\inetpub\wwwroot\projetos\devrs\calculadora\calculadoratests\bin\debug\calculadoratests.dll" id="54f6e4dd-cfc3-a424-254d-26c35797b34c">
      <Execution id="e5ae9677-3a82-4ca6-9625-6f1fd1d57f43" />
      <TestMethod codeBase="C:/inetpub/wwwroot/Projetos/DevRS/Calculadora/CalculadoraTests/bin/Debug/CalculadoraTests.DLL" adapterTypeName="Microsoft.VisualStudio.TestTools.TestTypes.Unit.UnitTestAdapter, Microsoft.VisualStudio.QualityTools.Tips.UnitTest.Adapter, Version=10.0.0.0, Culture=neutral, PublicKeyToken=b03f5f7f11d50a3a" className="CalculadoraTests.OperacoesTest, CalculadoraTests, Version=1.0.0.0, Culture=neutral, PublicKeyToken=null" name="SubtrairTest" />
    </UnitTest>
  </TestDefinitions>
  <TestLists>
    <TestList name="Results Not in a List" id="8c84fa94-04c1-424b-9868-57a2d4851a1d" />
    <TestList name="All Loaded Results" id="19431567-8539-422a-85d7-44ee4e166bda" />
  </TestLists>
  <TestEntries>
    <TestEntry testId="54f6e4dd-cfc3-a424-254d-26c35797b34c" executionId="e5ae9677-3a82-4ca6-9625-6f1fd1d57f43" testListId="8c84fa94-04c1-424b-9868-57a2d4851a1d" />
  </TestEntries>
  <Results>
    <UnitTestResult executionId="e5ae9677-3a82-4ca6-9625-6f1fd1d57f43" testId="54f6e4dd-cfc3-a424-254d-26c35797b34c" testName="SubtrairTest" computerName="CAMILO-PC" duration="00:00:00.0255420" startTime="2010-10-18T20:46:18.4033203-02:00" endTime="2010-10-18T20:46:18.6845703-02:00" testType="13cdc9d9-ddb5-4fa4-a97d-d965ccfc6d4b" outcome="Passed" testListId="8c84fa94-04c1-424b-9868-57a2d4851a1d" relativeResultsDirectory="e5ae9677-3a82-4ca6-9625-6f1fd1d57f43">
    </UnitTestResult>
  </Results>
</TestRun>