<?xml version="1.0" encoding="UTF-8"?>
<TestRun id="bcde8a91-7fc2-4ed8-b2fe-04c536ac3489" name="camilo@CAMILO-PC 2010-10-18 20:52:32" runUser="camilo-PC\camilo" xmlns="http://microsoft.com/schemas/VisualStudio/TeamTest/2010">
  <TestSettings name="Local" id="2220222f-ce31-46fb-9cf6-4abc2961e326">
    <Description>These are default test settings for a local test run.</Description>
    <Deployment enabled="false" runDeploymentRoot="camilo_CAMILO-PC 2010-10-18 20_52_32">
      <DeploymentItem filename="C:\inetpub\wwwroot\Projetos\DevRS\Calculadora\Calculadora\bin\Debug\Calculadora.dll" />
    </Deployment>
    <Execution>
      <TestTypeSpecific />
      <AgentRule name="Execution Agents">
      </AgentRule>
    </Execution>
  </TestSettings>
  <Times creation="2010-10-18T20:52:32.1171875-02:00" queuing="2010-10-18T20:52:32.1484375-02:00" start="2010-10-18T20:52:32.4296875-02:00" finish="2010-10-18T20:52:33.0390625-02:00" />
  <ResultSummary outcome="Completed">
    <Counters total="1" executed="1" passed="1" error="0" failed="0" timeout="0" aborted="0" inconclusive="0" passedButRunAborted="0" notRunnable="0" notExecuted="0" disconnected="0" warning="0" completed="0" inProgress="0" pending="0" />
  </ResultSummary>
  <TestDefinitions>
    <UnitTest name="Subtrair2De1Test" storage="c:\inetpub\wwwroot\projetos\devrs\calculadora\calculadoratests\bin\debug\calculadoratests.dll" id="592d732d-98bb-05aa-09da-6abafee5dc37">
      <Execution id="7dd01d17-f753-4c1d-9849-a4d21ddcadfc" />
      <TestMethod codeBase="C:/inetpub/wwwroot/Projetos/DevRS/Calculadora/CalculadoraTests/bin/Debug/CalculadoraTests.DLL" adapterTypeName="Microsoft.VisualStudio.TestTools.TestTypes.Unit.UnitTestAdapter, Microsoft.VisualStudio.QualityTools.Tips.UnitTest.Adapter, Version=10.0.0.0, Culture=neutral, PublicKeyToken=b03f5f7f11d50a3a" className="CalculadoraTests.OperacoesTest, CalculadoraTests, Version=1.0.0.0, Culture=neutral, PublicKeyToken=null" name="Subtrair2De1Test" />
    </UnitTest>
  </TestDefinitions>
  <TestLists>
    <TestList name="Results Not in a List" id="8c84fa94-04c1-424b-9868-57a2d4851a1d" />
    <TestList name="All Loaded Results" id="19431567-8539-422a-85d7-44ee4e166bda" />
  </TestLists>
  <TestEntries>
    <TestEntry testId="592d732d-98bb-05aa-09da-6abafee5dc37" executionId="7dd01d17-f753-4c1d-9849-a4d21ddcadfc" testListId="8c84fa94-04c1-424b-9868-57a2d4851a1d" />
  </TestEntries>
  <Results>
    <UnitTestResult executionId="7dd01d17-f753-4c1d-9849-a4d21ddcadfc" testId="592d732d-98bb-05aa-09da-6abafee5dc37" testName="Subtrair2De1Test" computerName="CAMILO-PC" duration="00:00:00.0227028" startTime="2010-10-18T20:52:32.5078125-02:00" endTime="2010-10-18T20:52:32.8515625-02:00" testType="13cdc9d9-ddb5-4fa4-a97d-d965ccfc6d4b" outcome="Passed" testListId="8c84fa94-04c1-424b-9868-57a2d4851a1d" relativeResultsDirectory="7dd01d17-f753-4c1d-9849-a4d21ddcadfc">
    </UnitTestResult>
  </Results>
</TestRun>