<?xml version="1.0" encoding="UTF-8"?>
<TestRun id="c818c68d-7563-47de-a208-7a82e48e3699" name="camilo@CAMILO-PC 2010-10-18 22:29:42" runUser="camilo-PC\camilo" xmlns="http://microsoft.com/schemas/VisualStudio/TeamTest/2010">
  <TestSettings name="Local" id="2220222f-ce31-46fb-9cf6-4abc2961e326">
    <Description>These are default test settings for a local test run.</Description>
    <Deployment enabled="false" runDeploymentRoot="camilo_CAMILO-PC 2010-10-18 22_29_42">
      <DeploymentItem filename="C:\inetpub\wwwroot\Projetos\DevRS\Calculadora\Calculadora\bin\Debug\Calculadora.dll" />
    </Deployment>
    <Execution>
      <TestTypeSpecific />
      <AgentRule name="Execution Agents">
      </AgentRule>
    </Execution>
  </TestSettings>
  <Times creation="2010-10-18T22:29:42.0576172-02:00" queuing="2010-10-18T22:29:42.3076172-02:00" start="2010-10-18T22:29:42.5419922-02:00" finish="2010-10-18T22:29:43.1357422-02:00" />
  <ResultSummary outcome="Completed">
    <Counters total="1" executed="1" passed="1" error="0" failed="0" timeout="0" aborted="0" inconclusive="0" passedButRunAborted="0" notRunnable="0" notExecuted="0" disconnected="0" warning="0" completed="0" inProgress="0" pending="0" />
  </ResultSummary>
  <TestDefinitions>
    <UnitTest name="DividirTest" storage="c:\inetpub\wwwroot\projetos\devrs\calculadora\calculadoratests\bin\debug\calculadoratests.dll" id="5d8cbbb9-59f2-58b4-2c51-5bca2b01111a">
      <Execution id="1bb1bfc4-6852-452f-91f9-4360af3e8d35" />
      <TestMethod codeBase="C:/inetpub/wwwroot/Projetos/DevRS/Calculadora/CalculadoraTests/bin/Debug/CalculadoraTests.DLL" adapterTypeName="Microsoft.VisualStudio.TestTools.TestTypes.Unit.UnitTestAdapter, Microsoft.VisualStudio.QualityTools.Tips.UnitTest.Adapter, Version=10.0.0.0, Culture=neutral, PublicKeyToken=b03f5f7f11d50a3a" className="CalculadoraTests.OperacoesTest, CalculadoraTests, Version=1.0.0.0, Culture=neutral, PublicKeyToken=null" name="DividirTest" />
    </UnitTest>
  </TestDefinitions>
  <TestLists>
    <TestList name="Results Not in a List" id="8c84fa94-04c1-424b-9868-57a2d4851a1d" />
    <TestList name="All Loaded Results" id="19431567-8539-422a-85d7-44ee4e166bda" />
  </TestLists>
  <TestEntries>
    <TestEntry testId="5d8cbbb9-59f2-58b4-2c51-5bca2b01111a" executionId="1bb1bfc4-6852-452f-91f9-4360af3e8d35" testListId="8c84fa94-04c1-424b-9868-57a2d4851a1d" />
  </TestEntries>
  <Results>
    <UnitTestResult executionId="1bb1bfc4-6852-452f-91f9-4360af3e8d35" testId="5d8cbbb9-59f2-58b4-2c51-5bca2b01111a" testName="DividirTest" computerName="CAMILO-PC" duration="00:00:00.0187859" startTime="2010-10-18T22:29:42.6201172-02:00" endTime="2010-10-18T22:29:43.0107422-02:00" testType="13cdc9d9-ddb5-4fa4-a97d-d965ccfc6d4b" outcome="Passed" testListId="8c84fa94-04c1-424b-9868-57a2d4851a1d" relativeResultsDirectory="1bb1bfc4-6852-452f-91f9-4360af3e8d35">
    </UnitTestResult>
  </Results>
</TestRun>